C:\USERS\EMIR\DESKTOP\VISUAL STUDIO PROJECTS\HW_6\HW_6\DEBUG\EMIRASAL_ASAL_EMIR_HW6.OBJ
C:\USERS\EMIR\DESKTOP\VISUAL STUDIO PROJECTS\HW_6\HW_6\DEBUG\VC110.PDB
C:\USERS\EMIR\DESKTOP\VISUAL STUDIO PROJECTS\HW_6\DEBUG\HW_6.ILK
C:\USERS\EMIR\DESKTOP\VISUAL STUDIO PROJECTS\HW_6\DEBUG\HW_6.EXE
C:\USERS\EMIR\DESKTOP\VISUAL STUDIO PROJECTS\HW_6\DEBUG\HW_6.PDB
C:\Users\Emir\Desktop\Visual Studio Projects\HW_6\HW_6\Debug\emirasal_Asal_Emir_hw6.obj
C:\Users\Emir\Desktop\Visual Studio Projects\HW_6\HW_6\Debug\cl.command.1.tlog
C:\Users\Emir\Desktop\Visual Studio Projects\HW_6\HW_6\Debug\CL.read.1.tlog
C:\Users\Emir\Desktop\Visual Studio Projects\HW_6\HW_6\Debug\CL.write.1.tlog
C:\Users\Emir\Desktop\Visual Studio Projects\HW_6\HW_6\Debug\link-cvtres.read.1.tlog
C:\Users\Emir\Desktop\Visual Studio Projects\HW_6\HW_6\Debug\link-cvtres.write.1.tlog
C:\Users\Emir\Desktop\Visual Studio Projects\HW_6\HW_6\Debug\link-rc.read.1.tlog
C:\Users\Emir\Desktop\Visual Studio Projects\HW_6\HW_6\Debug\link-rc.write.1.tlog
C:\Users\Emir\Desktop\Visual Studio Projects\HW_6\HW_6\Debug\link.10180-cvtres.read.1.tlog
C:\Users\Emir\Desktop\Visual Studio Projects\HW_6\HW_6\Debug\link.10180-cvtres.write.1.tlog
C:\Users\Emir\Desktop\Visual Studio Projects\HW_6\HW_6\Debug\link.10180-rc.read.1.tlog
C:\Users\Emir\Desktop\Visual Studio Projects\HW_6\HW_6\Debug\link.10180-rc.write.1.tlog
C:\Users\Emir\Desktop\Visual Studio Projects\HW_6\HW_6\Debug\link.10180.read.1.tlog
C:\Users\Emir\Desktop\Visual Studio Projects\HW_6\HW_6\Debug\link.10180.write.1.tlog
C:\Users\Emir\Desktop\Visual Studio Projects\HW_6\HW_6\Debug\link.14388-cvtres.read.1.tlog
C:\Users\Emir\Desktop\Visual Studio Projects\HW_6\HW_6\Debug\link.14388-cvtres.write.1.tlog
C:\Users\Emir\Desktop\Visual Studio Projects\HW_6\HW_6\Debug\link.14388-rc.read.1.tlog
C:\Users\Emir\Desktop\Visual Studio Projects\HW_6\HW_6\Debug\link.14388-rc.write.1.tlog
C:\Users\Emir\Desktop\Visual Studio Projects\HW_6\HW_6\Debug\link.14388.read.1.tlog
C:\Users\Emir\Desktop\Visual Studio Projects\HW_6\HW_6\Debug\link.14388.write.1.tlog
C:\Users\Emir\Desktop\Visual Studio Projects\HW_6\HW_6\Debug\link.command.1.tlog
C:\Users\Emir\Desktop\Visual Studio Projects\HW_6\HW_6\Debug\link.read.1.tlog
C:\Users\Emir\Desktop\Visual Studio Projects\HW_6\HW_6\Debug\link.write.1.tlog
C:\Users\Emir\Desktop\Visual Studio Projects\HW_6\HW_6\Debug\vc110.idb
C:\Users\Emir\Desktop\Visual Studio Projects\HW_6\HW_6\Debug\vc110.pdb
C:\Users\Emir\Desktop\Visual Studio Projects\HW_6\Debug\HW_6.pdb
C:\Users\Emir\Desktop\Visual Studio Projects\HW_6\Debug\HW_6.exe
C:\Users\Emir\Desktop\Visual Studio Projects\HW_6\Debug\HW_6.ilk
