C:\USERS\EMIR\DESKTOP\VISUAL STUDIO PROJECTS\DECOMPRESS\DECOMPRESS\DEBUG\MAIN.OBJ
C:\USERS\EMIR\DESKTOP\VISUAL STUDIO PROJECTS\DECOMPRESS\DECOMPRESS\DEBUG\VC110.PDB
C:\USERS\EMIR\DESKTOP\VISUAL STUDIO PROJECTS\DECOMPRESS\DEBUG\DECOMPRESS.ILK
C:\USERS\EMIR\DESKTOP\VISUAL STUDIO PROJECTS\DECOMPRESS\DEBUG\DECOMPRESS.EXE
C:\USERS\EMIR\DESKTOP\VISUAL STUDIO PROJECTS\DECOMPRESS\DEBUG\DECOMPRESS.PDB
C:\Users\Emir\Desktop\Visual Studio Projects\Decompress\Decompress\Debug\main.obj
C:\Users\Emir\Desktop\Visual Studio Projects\Decompress\Decompress\Debug\cl.command.1.tlog
C:\Users\Emir\Desktop\Visual Studio Projects\Decompress\Decompress\Debug\CL.read.1.tlog
C:\Users\Emir\Desktop\Visual Studio Projects\Decompress\Decompress\Debug\CL.write.1.tlog
C:\Users\Emir\Desktop\Visual Studio Projects\Decompress\Decompress\Debug\link-cvtres.read.1.tlog
C:\Users\Emir\Desktop\Visual Studio Projects\Decompress\Decompress\Debug\link-cvtres.write.1.tlog
C:\Users\Emir\Desktop\Visual Studio Projects\Decompress\Decompress\Debug\link-rc.read.1.tlog
C:\Users\Emir\Desktop\Visual Studio Projects\Decompress\Decompress\Debug\link-rc.write.1.tlog
C:\Users\Emir\Desktop\Visual Studio Projects\Decompress\Decompress\Debug\link.command.1.tlog
C:\Users\Emir\Desktop\Visual Studio Projects\Decompress\Decompress\Debug\link.read.1.tlog
C:\Users\Emir\Desktop\Visual Studio Projects\Decompress\Decompress\Debug\link.write.1.tlog
C:\Users\Emir\Desktop\Visual Studio Projects\Decompress\Decompress\Debug\vc110.idb
C:\Users\Emir\Desktop\Visual Studio Projects\Decompress\Decompress\Debug\vc110.pdb
C:\Users\Emir\Desktop\Visual Studio Projects\Decompress\Debug\Decompress.pdb
C:\Users\Emir\Desktop\Visual Studio Projects\Decompress\Debug\Decompress.exe
C:\Users\Emir\Desktop\Visual Studio Projects\Decompress\Debug\Decompress.ilk
