C:\USERS\EMIR\DESKTOP\VISUAL STUDIO PROJECTS\HW_7\HW_7\DEBUG\EMIRASAL_ASAL_EMIR_HW7.OBJ
C:\USERS\EMIR\DESKTOP\VISUAL STUDIO PROJECTS\HW_7\HW_7\DEBUG\EMIRASAL_ASAL_EMIR_HW7_HW7PRINTQUEUE.OBJ
C:\USERS\EMIR\DESKTOP\VISUAL STUDIO PROJECTS\HW_7\HW_7\DEBUG\VC110.PDB
C:\USERS\EMIR\DESKTOP\VISUAL STUDIO PROJECTS\HW_7\DEBUG\HW_7.ILK
C:\USERS\EMIR\DESKTOP\VISUAL STUDIO PROJECTS\HW_7\DEBUG\HW_7.EXE
C:\USERS\EMIR\DESKTOP\VISUAL STUDIO PROJECTS\HW_7\DEBUG\HW_7.PDB
C:\Users\Emir\Desktop\Visual Studio Projects\HW_7\HW_7\Debug\emirasal_Asal_Emir_hw7.obj
C:\Users\Emir\Desktop\Visual Studio Projects\HW_7\HW_7\Debug\emirasal_Asal_Emir_hw7_HW7PrintQueue.obj
C:\Users\Emir\Desktop\Visual Studio Projects\HW_7\HW_7\Debug\cl.command.1.tlog
C:\Users\Emir\Desktop\Visual Studio Projects\HW_7\HW_7\Debug\CL.read.1.tlog
C:\Users\Emir\Desktop\Visual Studio Projects\HW_7\HW_7\Debug\CL.write.1.tlog
C:\Users\Emir\Desktop\Visual Studio Projects\HW_7\HW_7\Debug\link-cvtres.read.1.tlog
C:\Users\Emir\Desktop\Visual Studio Projects\HW_7\HW_7\Debug\link-cvtres.write.1.tlog
C:\Users\Emir\Desktop\Visual Studio Projects\HW_7\HW_7\Debug\link-rc.read.1.tlog
C:\Users\Emir\Desktop\Visual Studio Projects\HW_7\HW_7\Debug\link-rc.write.1.tlog
C:\Users\Emir\Desktop\Visual Studio Projects\HW_7\HW_7\Debug\link.10500-cvtres.read.1.tlog
C:\Users\Emir\Desktop\Visual Studio Projects\HW_7\HW_7\Debug\link.10500-cvtres.write.1.tlog
C:\Users\Emir\Desktop\Visual Studio Projects\HW_7\HW_7\Debug\link.10500-rc.read.1.tlog
C:\Users\Emir\Desktop\Visual Studio Projects\HW_7\HW_7\Debug\link.10500-rc.write.1.tlog
C:\Users\Emir\Desktop\Visual Studio Projects\HW_7\HW_7\Debug\link.10500.read.1.tlog
C:\Users\Emir\Desktop\Visual Studio Projects\HW_7\HW_7\Debug\link.10500.write.1.tlog
C:\Users\Emir\Desktop\Visual Studio Projects\HW_7\HW_7\Debug\link.10880-cvtres.read.1.tlog
C:\Users\Emir\Desktop\Visual Studio Projects\HW_7\HW_7\Debug\link.10880-cvtres.write.1.tlog
C:\Users\Emir\Desktop\Visual Studio Projects\HW_7\HW_7\Debug\link.10880-rc.read.1.tlog
C:\Users\Emir\Desktop\Visual Studio Projects\HW_7\HW_7\Debug\link.10880-rc.write.1.tlog
C:\Users\Emir\Desktop\Visual Studio Projects\HW_7\HW_7\Debug\link.10880.read.1.tlog
C:\Users\Emir\Desktop\Visual Studio Projects\HW_7\HW_7\Debug\link.10880.write.1.tlog
C:\Users\Emir\Desktop\Visual Studio Projects\HW_7\HW_7\Debug\link.10924-cvtres.read.1.tlog
C:\Users\Emir\Desktop\Visual Studio Projects\HW_7\HW_7\Debug\link.10924-cvtres.write.1.tlog
C:\Users\Emir\Desktop\Visual Studio Projects\HW_7\HW_7\Debug\link.10924-rc.read.1.tlog
C:\Users\Emir\Desktop\Visual Studio Projects\HW_7\HW_7\Debug\link.10924-rc.write.1.tlog
C:\Users\Emir\Desktop\Visual Studio Projects\HW_7\HW_7\Debug\link.10924.read.1.tlog
C:\Users\Emir\Desktop\Visual Studio Projects\HW_7\HW_7\Debug\link.10924.write.1.tlog
C:\Users\Emir\Desktop\Visual Studio Projects\HW_7\HW_7\Debug\link.11044-cvtres.read.1.tlog
C:\Users\Emir\Desktop\Visual Studio Projects\HW_7\HW_7\Debug\link.11044-cvtres.write.1.tlog
C:\Users\Emir\Desktop\Visual Studio Projects\HW_7\HW_7\Debug\link.11044-rc.read.1.tlog
C:\Users\Emir\Desktop\Visual Studio Projects\HW_7\HW_7\Debug\link.11044-rc.write.1.tlog
C:\Users\Emir\Desktop\Visual Studio Projects\HW_7\HW_7\Debug\link.11044.read.1.tlog
C:\Users\Emir\Desktop\Visual Studio Projects\HW_7\HW_7\Debug\link.11044.write.1.tlog
C:\Users\Emir\Desktop\Visual Studio Projects\HW_7\HW_7\Debug\link.11112-cvtres.read.1.tlog
C:\Users\Emir\Desktop\Visual Studio Projects\HW_7\HW_7\Debug\link.11112-cvtres.write.1.tlog
C:\Users\Emir\Desktop\Visual Studio Projects\HW_7\HW_7\Debug\link.11112-rc.read.1.tlog
C:\Users\Emir\Desktop\Visual Studio Projects\HW_7\HW_7\Debug\link.11112-rc.write.1.tlog
C:\Users\Emir\Desktop\Visual Studio Projects\HW_7\HW_7\Debug\link.11112.read.1.tlog
C:\Users\Emir\Desktop\Visual Studio Projects\HW_7\HW_7\Debug\link.11112.write.1.tlog
C:\Users\Emir\Desktop\Visual Studio Projects\HW_7\HW_7\Debug\link.11252-cvtres.read.1.tlog
C:\Users\Emir\Desktop\Visual Studio Projects\HW_7\HW_7\Debug\link.11252-cvtres.write.1.tlog
C:\Users\Emir\Desktop\Visual Studio Projects\HW_7\HW_7\Debug\link.11252-rc.read.1.tlog
C:\Users\Emir\Desktop\Visual Studio Projects\HW_7\HW_7\Debug\link.11252-rc.write.1.tlog
C:\Users\Emir\Desktop\Visual Studio Projects\HW_7\HW_7\Debug\link.11252.read.1.tlog
C:\Users\Emir\Desktop\Visual Studio Projects\HW_7\HW_7\Debug\link.11252.write.1.tlog
C:\Users\Emir\Desktop\Visual Studio Projects\HW_7\HW_7\Debug\link.11416-cvtres.read.1.tlog
C:\Users\Emir\Desktop\Visual Studio Projects\HW_7\HW_7\Debug\link.11416-cvtres.write.1.tlog
C:\Users\Emir\Desktop\Visual Studio Projects\HW_7\HW_7\Debug\link.11416-rc.read.1.tlog
C:\Users\Emir\Desktop\Visual Studio Projects\HW_7\HW_7\Debug\link.11416-rc.write.1.tlog
C:\Users\Emir\Desktop\Visual Studio Projects\HW_7\HW_7\Debug\link.11416.read.1.tlog
C:\Users\Emir\Desktop\Visual Studio Projects\HW_7\HW_7\Debug\link.11416.write.1.tlog
C:\Users\Emir\Desktop\Visual Studio Projects\HW_7\HW_7\Debug\link.1220-cvtres.read.1.tlog
C:\Users\Emir\Desktop\Visual Studio Projects\HW_7\HW_7\Debug\link.1220-cvtres.write.1.tlog
C:\Users\Emir\Desktop\Visual Studio Projects\HW_7\HW_7\Debug\link.1220-rc.read.1.tlog
C:\Users\Emir\Desktop\Visual Studio Projects\HW_7\HW_7\Debug\link.1220-rc.write.1.tlog
C:\Users\Emir\Desktop\Visual Studio Projects\HW_7\HW_7\Debug\link.1220.read.1.tlog
C:\Users\Emir\Desktop\Visual Studio Projects\HW_7\HW_7\Debug\link.1220.write.1.tlog
C:\Users\Emir\Desktop\Visual Studio Projects\HW_7\HW_7\Debug\link.12232-cvtres.read.1.tlog
C:\Users\Emir\Desktop\Visual Studio Projects\HW_7\HW_7\Debug\link.12232-cvtres.write.1.tlog
C:\Users\Emir\Desktop\Visual Studio Projects\HW_7\HW_7\Debug\link.12232-rc.read.1.tlog
C:\Users\Emir\Desktop\Visual Studio Projects\HW_7\HW_7\Debug\link.12232-rc.write.1.tlog
C:\Users\Emir\Desktop\Visual Studio Projects\HW_7\HW_7\Debug\link.12232.read.1.tlog
C:\Users\Emir\Desktop\Visual Studio Projects\HW_7\HW_7\Debug\link.12232.write.1.tlog
C:\Users\Emir\Desktop\Visual Studio Projects\HW_7\HW_7\Debug\link.12356-cvtres.read.1.tlog
C:\Users\Emir\Desktop\Visual Studio Projects\HW_7\HW_7\Debug\link.12356-cvtres.write.1.tlog
C:\Users\Emir\Desktop\Visual Studio Projects\HW_7\HW_7\Debug\link.12356-rc.read.1.tlog
C:\Users\Emir\Desktop\Visual Studio Projects\HW_7\HW_7\Debug\link.12356-rc.write.1.tlog
C:\Users\Emir\Desktop\Visual Studio Projects\HW_7\HW_7\Debug\link.12356.read.1.tlog
C:\Users\Emir\Desktop\Visual Studio Projects\HW_7\HW_7\Debug\link.12356.write.1.tlog
C:\Users\Emir\Desktop\Visual Studio Projects\HW_7\HW_7\Debug\link.12628-cvtres.read.1.tlog
C:\Users\Emir\Desktop\Visual Studio Projects\HW_7\HW_7\Debug\link.12628-cvtres.write.1.tlog
C:\Users\Emir\Desktop\Visual Studio Projects\HW_7\HW_7\Debug\link.12628-rc.read.1.tlog
C:\Users\Emir\Desktop\Visual Studio Projects\HW_7\HW_7\Debug\link.12628-rc.write.1.tlog
C:\Users\Emir\Desktop\Visual Studio Projects\HW_7\HW_7\Debug\link.12628.read.1.tlog
C:\Users\Emir\Desktop\Visual Studio Projects\HW_7\HW_7\Debug\link.12628.write.1.tlog
C:\Users\Emir\Desktop\Visual Studio Projects\HW_7\HW_7\Debug\link.12696-cvtres.read.1.tlog
C:\Users\Emir\Desktop\Visual Studio Projects\HW_7\HW_7\Debug\link.12696-cvtres.write.1.tlog
C:\Users\Emir\Desktop\Visual Studio Projects\HW_7\HW_7\Debug\link.12696-rc.read.1.tlog
C:\Users\Emir\Desktop\Visual Studio Projects\HW_7\HW_7\Debug\link.12696-rc.write.1.tlog
C:\Users\Emir\Desktop\Visual Studio Projects\HW_7\HW_7\Debug\link.12696.read.1.tlog
C:\Users\Emir\Desktop\Visual Studio Projects\HW_7\HW_7\Debug\link.12696.write.1.tlog
C:\Users\Emir\Desktop\Visual Studio Projects\HW_7\HW_7\Debug\link.12772-cvtres.read.1.tlog
C:\Users\Emir\Desktop\Visual Studio Projects\HW_7\HW_7\Debug\link.12772-cvtres.write.1.tlog
C:\Users\Emir\Desktop\Visual Studio Projects\HW_7\HW_7\Debug\link.12772-rc.read.1.tlog
C:\Users\Emir\Desktop\Visual Studio Projects\HW_7\HW_7\Debug\link.12772-rc.write.1.tlog
C:\Users\Emir\Desktop\Visual Studio Projects\HW_7\HW_7\Debug\link.12772.read.1.tlog
C:\Users\Emir\Desktop\Visual Studio Projects\HW_7\HW_7\Debug\link.12772.write.1.tlog
C:\Users\Emir\Desktop\Visual Studio Projects\HW_7\HW_7\Debug\link.12864-cvtres.read.1.tlog
C:\Users\Emir\Desktop\Visual Studio Projects\HW_7\HW_7\Debug\link.12864-cvtres.write.1.tlog
C:\Users\Emir\Desktop\Visual Studio Projects\HW_7\HW_7\Debug\link.12864-rc.read.1.tlog
C:\Users\Emir\Desktop\Visual Studio Projects\HW_7\HW_7\Debug\link.12864-rc.write.1.tlog
C:\Users\Emir\Desktop\Visual Studio Projects\HW_7\HW_7\Debug\link.12864.read.1.tlog
C:\Users\Emir\Desktop\Visual Studio Projects\HW_7\HW_7\Debug\link.12864.write.1.tlog
C:\Users\Emir\Desktop\Visual Studio Projects\HW_7\HW_7\Debug\link.12876-cvtres.read.1.tlog
C:\Users\Emir\Desktop\Visual Studio Projects\HW_7\HW_7\Debug\link.12876-cvtres.write.1.tlog
C:\Users\Emir\Desktop\Visual Studio Projects\HW_7\HW_7\Debug\link.12876-rc.read.1.tlog
C:\Users\Emir\Desktop\Visual Studio Projects\HW_7\HW_7\Debug\link.12876-rc.write.1.tlog
C:\Users\Emir\Desktop\Visual Studio Projects\HW_7\HW_7\Debug\link.12876.read.1.tlog
C:\Users\Emir\Desktop\Visual Studio Projects\HW_7\HW_7\Debug\link.12876.write.1.tlog
C:\Users\Emir\Desktop\Visual Studio Projects\HW_7\HW_7\Debug\link.12956-cvtres.read.1.tlog
C:\Users\Emir\Desktop\Visual Studio Projects\HW_7\HW_7\Debug\link.12956-cvtres.write.1.tlog
C:\Users\Emir\Desktop\Visual Studio Projects\HW_7\HW_7\Debug\link.12956-rc.read.1.tlog
C:\Users\Emir\Desktop\Visual Studio Projects\HW_7\HW_7\Debug\link.12956-rc.write.1.tlog
C:\Users\Emir\Desktop\Visual Studio Projects\HW_7\HW_7\Debug\link.12956.read.1.tlog
C:\Users\Emir\Desktop\Visual Studio Projects\HW_7\HW_7\Debug\link.12956.write.1.tlog
C:\Users\Emir\Desktop\Visual Studio Projects\HW_7\HW_7\Debug\link.13144-cvtres.read.1.tlog
C:\Users\Emir\Desktop\Visual Studio Projects\HW_7\HW_7\Debug\link.13144-cvtres.write.1.tlog
C:\Users\Emir\Desktop\Visual Studio Projects\HW_7\HW_7\Debug\link.13144-rc.read.1.tlog
C:\Users\Emir\Desktop\Visual Studio Projects\HW_7\HW_7\Debug\link.13144-rc.write.1.tlog
C:\Users\Emir\Desktop\Visual Studio Projects\HW_7\HW_7\Debug\link.13144.read.1.tlog
C:\Users\Emir\Desktop\Visual Studio Projects\HW_7\HW_7\Debug\link.13144.write.1.tlog
C:\Users\Emir\Desktop\Visual Studio Projects\HW_7\HW_7\Debug\link.13452-cvtres.read.1.tlog
C:\Users\Emir\Desktop\Visual Studio Projects\HW_7\HW_7\Debug\link.13452-cvtres.write.1.tlog
C:\Users\Emir\Desktop\Visual Studio Projects\HW_7\HW_7\Debug\link.13452-rc.read.1.tlog
C:\Users\Emir\Desktop\Visual Studio Projects\HW_7\HW_7\Debug\link.13452-rc.write.1.tlog
C:\Users\Emir\Desktop\Visual Studio Projects\HW_7\HW_7\Debug\link.13452.read.1.tlog
C:\Users\Emir\Desktop\Visual Studio Projects\HW_7\HW_7\Debug\link.13452.write.1.tlog
C:\Users\Emir\Desktop\Visual Studio Projects\HW_7\HW_7\Debug\link.13552-cvtres.read.1.tlog
C:\Users\Emir\Desktop\Visual Studio Projects\HW_7\HW_7\Debug\link.13552-cvtres.write.1.tlog
C:\Users\Emir\Desktop\Visual Studio Projects\HW_7\HW_7\Debug\link.13552-rc.read.1.tlog
C:\Users\Emir\Desktop\Visual Studio Projects\HW_7\HW_7\Debug\link.13552-rc.write.1.tlog
C:\Users\Emir\Desktop\Visual Studio Projects\HW_7\HW_7\Debug\link.13552.read.1.tlog
C:\Users\Emir\Desktop\Visual Studio Projects\HW_7\HW_7\Debug\link.13552.write.1.tlog
C:\Users\Emir\Desktop\Visual Studio Projects\HW_7\HW_7\Debug\link.13588-cvtres.read.1.tlog
C:\Users\Emir\Desktop\Visual Studio Projects\HW_7\HW_7\Debug\link.13588-cvtres.write.1.tlog
C:\Users\Emir\Desktop\Visual Studio Projects\HW_7\HW_7\Debug\link.13588-rc.read.1.tlog
C:\Users\Emir\Desktop\Visual Studio Projects\HW_7\HW_7\Debug\link.13588-rc.write.1.tlog
C:\Users\Emir\Desktop\Visual Studio Projects\HW_7\HW_7\Debug\link.13588.read.1.tlog
C:\Users\Emir\Desktop\Visual Studio Projects\HW_7\HW_7\Debug\link.13588.write.1.tlog
C:\Users\Emir\Desktop\Visual Studio Projects\HW_7\HW_7\Debug\link.13672-cvtres.read.1.tlog
C:\Users\Emir\Desktop\Visual Studio Projects\HW_7\HW_7\Debug\link.13672-cvtres.write.1.tlog
C:\Users\Emir\Desktop\Visual Studio Projects\HW_7\HW_7\Debug\link.13672-rc.read.1.tlog
C:\Users\Emir\Desktop\Visual Studio Projects\HW_7\HW_7\Debug\link.13672-rc.write.1.tlog
C:\Users\Emir\Desktop\Visual Studio Projects\HW_7\HW_7\Debug\link.13672.read.1.tlog
C:\Users\Emir\Desktop\Visual Studio Projects\HW_7\HW_7\Debug\link.13672.write.1.tlog
C:\Users\Emir\Desktop\Visual Studio Projects\HW_7\HW_7\Debug\link.14112-cvtres.read.1.tlog
C:\Users\Emir\Desktop\Visual Studio Projects\HW_7\HW_7\Debug\link.14112-cvtres.write.1.tlog
C:\Users\Emir\Desktop\Visual Studio Projects\HW_7\HW_7\Debug\link.14112-rc.read.1.tlog
C:\Users\Emir\Desktop\Visual Studio Projects\HW_7\HW_7\Debug\link.14112-rc.write.1.tlog
C:\Users\Emir\Desktop\Visual Studio Projects\HW_7\HW_7\Debug\link.14112.read.1.tlog
C:\Users\Emir\Desktop\Visual Studio Projects\HW_7\HW_7\Debug\link.14112.write.1.tlog
C:\Users\Emir\Desktop\Visual Studio Projects\HW_7\HW_7\Debug\link.15088-cvtres.read.1.tlog
C:\Users\Emir\Desktop\Visual Studio Projects\HW_7\HW_7\Debug\link.15088-cvtres.write.1.tlog
C:\Users\Emir\Desktop\Visual Studio Projects\HW_7\HW_7\Debug\link.15088-rc.read.1.tlog
C:\Users\Emir\Desktop\Visual Studio Projects\HW_7\HW_7\Debug\link.15088-rc.write.1.tlog
C:\Users\Emir\Desktop\Visual Studio Projects\HW_7\HW_7\Debug\link.15088.read.1.tlog
C:\Users\Emir\Desktop\Visual Studio Projects\HW_7\HW_7\Debug\link.15088.write.1.tlog
C:\Users\Emir\Desktop\Visual Studio Projects\HW_7\HW_7\Debug\link.15160-cvtres.read.1.tlog
C:\Users\Emir\Desktop\Visual Studio Projects\HW_7\HW_7\Debug\link.15160-cvtres.write.1.tlog
C:\Users\Emir\Desktop\Visual Studio Projects\HW_7\HW_7\Debug\link.15160-rc.read.1.tlog
C:\Users\Emir\Desktop\Visual Studio Projects\HW_7\HW_7\Debug\link.15160-rc.write.1.tlog
C:\Users\Emir\Desktop\Visual Studio Projects\HW_7\HW_7\Debug\link.15160.read.1.tlog
C:\Users\Emir\Desktop\Visual Studio Projects\HW_7\HW_7\Debug\link.15160.write.1.tlog
C:\Users\Emir\Desktop\Visual Studio Projects\HW_7\HW_7\Debug\link.15272-cvtres.read.1.tlog
C:\Users\Emir\Desktop\Visual Studio Projects\HW_7\HW_7\Debug\link.15272-cvtres.write.1.tlog
C:\Users\Emir\Desktop\Visual Studio Projects\HW_7\HW_7\Debug\link.15272-rc.read.1.tlog
C:\Users\Emir\Desktop\Visual Studio Projects\HW_7\HW_7\Debug\link.15272-rc.write.1.tlog
C:\Users\Emir\Desktop\Visual Studio Projects\HW_7\HW_7\Debug\link.15272.read.1.tlog
C:\Users\Emir\Desktop\Visual Studio Projects\HW_7\HW_7\Debug\link.15272.write.1.tlog
C:\Users\Emir\Desktop\Visual Studio Projects\HW_7\HW_7\Debug\link.16104-cvtres.read.1.tlog
C:\Users\Emir\Desktop\Visual Studio Projects\HW_7\HW_7\Debug\link.16104-cvtres.write.1.tlog
C:\Users\Emir\Desktop\Visual Studio Projects\HW_7\HW_7\Debug\link.16104-rc.read.1.tlog
C:\Users\Emir\Desktop\Visual Studio Projects\HW_7\HW_7\Debug\link.16104-rc.write.1.tlog
C:\Users\Emir\Desktop\Visual Studio Projects\HW_7\HW_7\Debug\link.16104.read.1.tlog
C:\Users\Emir\Desktop\Visual Studio Projects\HW_7\HW_7\Debug\link.16104.write.1.tlog
C:\Users\Emir\Desktop\Visual Studio Projects\HW_7\HW_7\Debug\link.16168-cvtres.read.1.tlog
C:\Users\Emir\Desktop\Visual Studio Projects\HW_7\HW_7\Debug\link.16168-cvtres.write.1.tlog
C:\Users\Emir\Desktop\Visual Studio Projects\HW_7\HW_7\Debug\link.16168-rc.read.1.tlog
C:\Users\Emir\Desktop\Visual Studio Projects\HW_7\HW_7\Debug\link.16168-rc.write.1.tlog
C:\Users\Emir\Desktop\Visual Studio Projects\HW_7\HW_7\Debug\link.16168.read.1.tlog
C:\Users\Emir\Desktop\Visual Studio Projects\HW_7\HW_7\Debug\link.16168.write.1.tlog
C:\Users\Emir\Desktop\Visual Studio Projects\HW_7\HW_7\Debug\link.17152-cvtres.read.1.tlog
C:\Users\Emir\Desktop\Visual Studio Projects\HW_7\HW_7\Debug\link.17152-cvtres.write.1.tlog
C:\Users\Emir\Desktop\Visual Studio Projects\HW_7\HW_7\Debug\link.17152-rc.read.1.tlog
C:\Users\Emir\Desktop\Visual Studio Projects\HW_7\HW_7\Debug\link.17152-rc.write.1.tlog
C:\Users\Emir\Desktop\Visual Studio Projects\HW_7\HW_7\Debug\link.17152.read.1.tlog
C:\Users\Emir\Desktop\Visual Studio Projects\HW_7\HW_7\Debug\link.17152.write.1.tlog
C:\Users\Emir\Desktop\Visual Studio Projects\HW_7\HW_7\Debug\link.2296-cvtres.read.1.tlog
C:\Users\Emir\Desktop\Visual Studio Projects\HW_7\HW_7\Debug\link.2296-cvtres.write.1.tlog
C:\Users\Emir\Desktop\Visual Studio Projects\HW_7\HW_7\Debug\link.2296-rc.read.1.tlog
C:\Users\Emir\Desktop\Visual Studio Projects\HW_7\HW_7\Debug\link.2296-rc.write.1.tlog
C:\Users\Emir\Desktop\Visual Studio Projects\HW_7\HW_7\Debug\link.2296.read.1.tlog
C:\Users\Emir\Desktop\Visual Studio Projects\HW_7\HW_7\Debug\link.2296.write.1.tlog
C:\Users\Emir\Desktop\Visual Studio Projects\HW_7\HW_7\Debug\link.3940-cvtres.read.1.tlog
C:\Users\Emir\Desktop\Visual Studio Projects\HW_7\HW_7\Debug\link.3940-cvtres.write.1.tlog
C:\Users\Emir\Desktop\Visual Studio Projects\HW_7\HW_7\Debug\link.3940-rc.read.1.tlog
C:\Users\Emir\Desktop\Visual Studio Projects\HW_7\HW_7\Debug\link.3940-rc.write.1.tlog
C:\Users\Emir\Desktop\Visual Studio Projects\HW_7\HW_7\Debug\link.3940.read.1.tlog
C:\Users\Emir\Desktop\Visual Studio Projects\HW_7\HW_7\Debug\link.3940.write.1.tlog
C:\Users\Emir\Desktop\Visual Studio Projects\HW_7\HW_7\Debug\link.4064-cvtres.read.1.tlog
C:\Users\Emir\Desktop\Visual Studio Projects\HW_7\HW_7\Debug\link.4064-cvtres.write.1.tlog
C:\Users\Emir\Desktop\Visual Studio Projects\HW_7\HW_7\Debug\link.4064-rc.read.1.tlog
C:\Users\Emir\Desktop\Visual Studio Projects\HW_7\HW_7\Debug\link.4064-rc.write.1.tlog
C:\Users\Emir\Desktop\Visual Studio Projects\HW_7\HW_7\Debug\link.4064.read.1.tlog
C:\Users\Emir\Desktop\Visual Studio Projects\HW_7\HW_7\Debug\link.4064.write.1.tlog
C:\Users\Emir\Desktop\Visual Studio Projects\HW_7\HW_7\Debug\link.4604-cvtres.read.1.tlog
C:\Users\Emir\Desktop\Visual Studio Projects\HW_7\HW_7\Debug\link.4604-cvtres.write.1.tlog
C:\Users\Emir\Desktop\Visual Studio Projects\HW_7\HW_7\Debug\link.4604-rc.read.1.tlog
C:\Users\Emir\Desktop\Visual Studio Projects\HW_7\HW_7\Debug\link.4604-rc.write.1.tlog
C:\Users\Emir\Desktop\Visual Studio Projects\HW_7\HW_7\Debug\link.4604.read.1.tlog
C:\Users\Emir\Desktop\Visual Studio Projects\HW_7\HW_7\Debug\link.4604.write.1.tlog
C:\Users\Emir\Desktop\Visual Studio Projects\HW_7\HW_7\Debug\link.4996-cvtres.read.1.tlog
C:\Users\Emir\Desktop\Visual Studio Projects\HW_7\HW_7\Debug\link.4996-cvtres.write.1.tlog
C:\Users\Emir\Desktop\Visual Studio Projects\HW_7\HW_7\Debug\link.4996-rc.read.1.tlog
C:\Users\Emir\Desktop\Visual Studio Projects\HW_7\HW_7\Debug\link.4996-rc.write.1.tlog
C:\Users\Emir\Desktop\Visual Studio Projects\HW_7\HW_7\Debug\link.4996.read.1.tlog
C:\Users\Emir\Desktop\Visual Studio Projects\HW_7\HW_7\Debug\link.4996.write.1.tlog
C:\Users\Emir\Desktop\Visual Studio Projects\HW_7\HW_7\Debug\link.5348-cvtres.read.1.tlog
C:\Users\Emir\Desktop\Visual Studio Projects\HW_7\HW_7\Debug\link.5348-cvtres.write.1.tlog
C:\Users\Emir\Desktop\Visual Studio Projects\HW_7\HW_7\Debug\link.5348-rc.read.1.tlog
C:\Users\Emir\Desktop\Visual Studio Projects\HW_7\HW_7\Debug\link.5348-rc.write.1.tlog
C:\Users\Emir\Desktop\Visual Studio Projects\HW_7\HW_7\Debug\link.5348.read.1.tlog
C:\Users\Emir\Desktop\Visual Studio Projects\HW_7\HW_7\Debug\link.5348.write.1.tlog
C:\Users\Emir\Desktop\Visual Studio Projects\HW_7\HW_7\Debug\link.5396-cvtres.read.1.tlog
C:\Users\Emir\Desktop\Visual Studio Projects\HW_7\HW_7\Debug\link.5396-cvtres.write.1.tlog
C:\Users\Emir\Desktop\Visual Studio Projects\HW_7\HW_7\Debug\link.5396-rc.read.1.tlog
C:\Users\Emir\Desktop\Visual Studio Projects\HW_7\HW_7\Debug\link.5396-rc.write.1.tlog
C:\Users\Emir\Desktop\Visual Studio Projects\HW_7\HW_7\Debug\link.5396.read.1.tlog
C:\Users\Emir\Desktop\Visual Studio Projects\HW_7\HW_7\Debug\link.5396.write.1.tlog
C:\Users\Emir\Desktop\Visual Studio Projects\HW_7\HW_7\Debug\link.5912-cvtres.read.1.tlog
C:\Users\Emir\Desktop\Visual Studio Projects\HW_7\HW_7\Debug\link.5912-cvtres.write.1.tlog
C:\Users\Emir\Desktop\Visual Studio Projects\HW_7\HW_7\Debug\link.5912-rc.read.1.tlog
C:\Users\Emir\Desktop\Visual Studio Projects\HW_7\HW_7\Debug\link.5912-rc.write.1.tlog
C:\Users\Emir\Desktop\Visual Studio Projects\HW_7\HW_7\Debug\link.5912.read.1.tlog
C:\Users\Emir\Desktop\Visual Studio Projects\HW_7\HW_7\Debug\link.5912.write.1.tlog
C:\Users\Emir\Desktop\Visual Studio Projects\HW_7\HW_7\Debug\link.6092-cvtres.read.1.tlog
C:\Users\Emir\Desktop\Visual Studio Projects\HW_7\HW_7\Debug\link.6092-cvtres.write.1.tlog
C:\Users\Emir\Desktop\Visual Studio Projects\HW_7\HW_7\Debug\link.6092-rc.read.1.tlog
C:\Users\Emir\Desktop\Visual Studio Projects\HW_7\HW_7\Debug\link.6092-rc.write.1.tlog
C:\Users\Emir\Desktop\Visual Studio Projects\HW_7\HW_7\Debug\link.6092.read.1.tlog
C:\Users\Emir\Desktop\Visual Studio Projects\HW_7\HW_7\Debug\link.6092.write.1.tlog
C:\Users\Emir\Desktop\Visual Studio Projects\HW_7\HW_7\Debug\link.6568-cvtres.read.1.tlog
C:\Users\Emir\Desktop\Visual Studio Projects\HW_7\HW_7\Debug\link.6568-cvtres.write.1.tlog
C:\Users\Emir\Desktop\Visual Studio Projects\HW_7\HW_7\Debug\link.6568-rc.read.1.tlog
C:\Users\Emir\Desktop\Visual Studio Projects\HW_7\HW_7\Debug\link.6568-rc.write.1.tlog
C:\Users\Emir\Desktop\Visual Studio Projects\HW_7\HW_7\Debug\link.6568.read.1.tlog
C:\Users\Emir\Desktop\Visual Studio Projects\HW_7\HW_7\Debug\link.6568.write.1.tlog
C:\Users\Emir\Desktop\Visual Studio Projects\HW_7\HW_7\Debug\link.6896-cvtres.read.1.tlog
C:\Users\Emir\Desktop\Visual Studio Projects\HW_7\HW_7\Debug\link.6896-cvtres.write.1.tlog
C:\Users\Emir\Desktop\Visual Studio Projects\HW_7\HW_7\Debug\link.6896-rc.read.1.tlog
C:\Users\Emir\Desktop\Visual Studio Projects\HW_7\HW_7\Debug\link.6896-rc.write.1.tlog
C:\Users\Emir\Desktop\Visual Studio Projects\HW_7\HW_7\Debug\link.6896.read.1.tlog
C:\Users\Emir\Desktop\Visual Studio Projects\HW_7\HW_7\Debug\link.6896.write.1.tlog
C:\Users\Emir\Desktop\Visual Studio Projects\HW_7\HW_7\Debug\link.7148-cvtres.read.1.tlog
C:\Users\Emir\Desktop\Visual Studio Projects\HW_7\HW_7\Debug\link.7148-cvtres.write.1.tlog
C:\Users\Emir\Desktop\Visual Studio Projects\HW_7\HW_7\Debug\link.7148-rc.read.1.tlog
C:\Users\Emir\Desktop\Visual Studio Projects\HW_7\HW_7\Debug\link.7148-rc.write.1.tlog
C:\Users\Emir\Desktop\Visual Studio Projects\HW_7\HW_7\Debug\link.7148.read.1.tlog
C:\Users\Emir\Desktop\Visual Studio Projects\HW_7\HW_7\Debug\link.7148.write.1.tlog
C:\Users\Emir\Desktop\Visual Studio Projects\HW_7\HW_7\Debug\link.7512-cvtres.read.1.tlog
C:\Users\Emir\Desktop\Visual Studio Projects\HW_7\HW_7\Debug\link.7512-cvtres.write.1.tlog
C:\Users\Emir\Desktop\Visual Studio Projects\HW_7\HW_7\Debug\link.7512-rc.read.1.tlog
C:\Users\Emir\Desktop\Visual Studio Projects\HW_7\HW_7\Debug\link.7512-rc.write.1.tlog
C:\Users\Emir\Desktop\Visual Studio Projects\HW_7\HW_7\Debug\link.7512.read.1.tlog
C:\Users\Emir\Desktop\Visual Studio Projects\HW_7\HW_7\Debug\link.7512.write.1.tlog
C:\Users\Emir\Desktop\Visual Studio Projects\HW_7\HW_7\Debug\link.8460-cvtres.read.1.tlog
C:\Users\Emir\Desktop\Visual Studio Projects\HW_7\HW_7\Debug\link.8460-cvtres.write.1.tlog
C:\Users\Emir\Desktop\Visual Studio Projects\HW_7\HW_7\Debug\link.8460-rc.read.1.tlog
C:\Users\Emir\Desktop\Visual Studio Projects\HW_7\HW_7\Debug\link.8460-rc.write.1.tlog
C:\Users\Emir\Desktop\Visual Studio Projects\HW_7\HW_7\Debug\link.8460.read.1.tlog
C:\Users\Emir\Desktop\Visual Studio Projects\HW_7\HW_7\Debug\link.8460.write.1.tlog
C:\Users\Emir\Desktop\Visual Studio Projects\HW_7\HW_7\Debug\link.8480-cvtres.read.1.tlog
C:\Users\Emir\Desktop\Visual Studio Projects\HW_7\HW_7\Debug\link.8480-cvtres.write.1.tlog
C:\Users\Emir\Desktop\Visual Studio Projects\HW_7\HW_7\Debug\link.8480-rc.read.1.tlog
C:\Users\Emir\Desktop\Visual Studio Projects\HW_7\HW_7\Debug\link.8480-rc.write.1.tlog
C:\Users\Emir\Desktop\Visual Studio Projects\HW_7\HW_7\Debug\link.8480.read.1.tlog
C:\Users\Emir\Desktop\Visual Studio Projects\HW_7\HW_7\Debug\link.8480.write.1.tlog
C:\Users\Emir\Desktop\Visual Studio Projects\HW_7\HW_7\Debug\link.8540-cvtres.read.1.tlog
C:\Users\Emir\Desktop\Visual Studio Projects\HW_7\HW_7\Debug\link.8540-cvtres.write.1.tlog
C:\Users\Emir\Desktop\Visual Studio Projects\HW_7\HW_7\Debug\link.8540-rc.read.1.tlog
C:\Users\Emir\Desktop\Visual Studio Projects\HW_7\HW_7\Debug\link.8540-rc.write.1.tlog
C:\Users\Emir\Desktop\Visual Studio Projects\HW_7\HW_7\Debug\link.8540.read.1.tlog
C:\Users\Emir\Desktop\Visual Studio Projects\HW_7\HW_7\Debug\link.8540.write.1.tlog
C:\Users\Emir\Desktop\Visual Studio Projects\HW_7\HW_7\Debug\link.876-cvtres.read.1.tlog
C:\Users\Emir\Desktop\Visual Studio Projects\HW_7\HW_7\Debug\link.876-cvtres.write.1.tlog
C:\Users\Emir\Desktop\Visual Studio Projects\HW_7\HW_7\Debug\link.876-rc.read.1.tlog
C:\Users\Emir\Desktop\Visual Studio Projects\HW_7\HW_7\Debug\link.876-rc.write.1.tlog
C:\Users\Emir\Desktop\Visual Studio Projects\HW_7\HW_7\Debug\link.876.read.1.tlog
C:\Users\Emir\Desktop\Visual Studio Projects\HW_7\HW_7\Debug\link.876.write.1.tlog
C:\Users\Emir\Desktop\Visual Studio Projects\HW_7\HW_7\Debug\link.8956-cvtres.read.1.tlog
C:\Users\Emir\Desktop\Visual Studio Projects\HW_7\HW_7\Debug\link.8956-cvtres.write.1.tlog
C:\Users\Emir\Desktop\Visual Studio Projects\HW_7\HW_7\Debug\link.8956-rc.read.1.tlog
C:\Users\Emir\Desktop\Visual Studio Projects\HW_7\HW_7\Debug\link.8956-rc.write.1.tlog
C:\Users\Emir\Desktop\Visual Studio Projects\HW_7\HW_7\Debug\link.8956.read.1.tlog
C:\Users\Emir\Desktop\Visual Studio Projects\HW_7\HW_7\Debug\link.8956.write.1.tlog
C:\Users\Emir\Desktop\Visual Studio Projects\HW_7\HW_7\Debug\link.9172-cvtres.read.1.tlog
C:\Users\Emir\Desktop\Visual Studio Projects\HW_7\HW_7\Debug\link.9172-cvtres.write.1.tlog
C:\Users\Emir\Desktop\Visual Studio Projects\HW_7\HW_7\Debug\link.9172-rc.read.1.tlog
C:\Users\Emir\Desktop\Visual Studio Projects\HW_7\HW_7\Debug\link.9172-rc.write.1.tlog
C:\Users\Emir\Desktop\Visual Studio Projects\HW_7\HW_7\Debug\link.9172.read.1.tlog
C:\Users\Emir\Desktop\Visual Studio Projects\HW_7\HW_7\Debug\link.9172.write.1.tlog
C:\Users\Emir\Desktop\Visual Studio Projects\HW_7\HW_7\Debug\link.9580-cvtres.read.1.tlog
C:\Users\Emir\Desktop\Visual Studio Projects\HW_7\HW_7\Debug\link.9580-cvtres.write.1.tlog
C:\Users\Emir\Desktop\Visual Studio Projects\HW_7\HW_7\Debug\link.9580-rc.read.1.tlog
C:\Users\Emir\Desktop\Visual Studio Projects\HW_7\HW_7\Debug\link.9580-rc.write.1.tlog
C:\Users\Emir\Desktop\Visual Studio Projects\HW_7\HW_7\Debug\link.9580.read.1.tlog
C:\Users\Emir\Desktop\Visual Studio Projects\HW_7\HW_7\Debug\link.9580.write.1.tlog
C:\Users\Emir\Desktop\Visual Studio Projects\HW_7\HW_7\Debug\link.9584-cvtres.read.1.tlog
C:\Users\Emir\Desktop\Visual Studio Projects\HW_7\HW_7\Debug\link.9584-cvtres.write.1.tlog
C:\Users\Emir\Desktop\Visual Studio Projects\HW_7\HW_7\Debug\link.9584-rc.read.1.tlog
C:\Users\Emir\Desktop\Visual Studio Projects\HW_7\HW_7\Debug\link.9584-rc.write.1.tlog
C:\Users\Emir\Desktop\Visual Studio Projects\HW_7\HW_7\Debug\link.9584.read.1.tlog
C:\Users\Emir\Desktop\Visual Studio Projects\HW_7\HW_7\Debug\link.9584.write.1.tlog
C:\Users\Emir\Desktop\Visual Studio Projects\HW_7\HW_7\Debug\link.9992-cvtres.read.1.tlog
C:\Users\Emir\Desktop\Visual Studio Projects\HW_7\HW_7\Debug\link.9992-cvtres.write.1.tlog
C:\Users\Emir\Desktop\Visual Studio Projects\HW_7\HW_7\Debug\link.9992-rc.read.1.tlog
C:\Users\Emir\Desktop\Visual Studio Projects\HW_7\HW_7\Debug\link.9992-rc.write.1.tlog
C:\Users\Emir\Desktop\Visual Studio Projects\HW_7\HW_7\Debug\link.9992.read.1.tlog
C:\Users\Emir\Desktop\Visual Studio Projects\HW_7\HW_7\Debug\link.9992.write.1.tlog
C:\Users\Emir\Desktop\Visual Studio Projects\HW_7\HW_7\Debug\link.command.1.tlog
C:\Users\Emir\Desktop\Visual Studio Projects\HW_7\HW_7\Debug\link.read.1.tlog
C:\Users\Emir\Desktop\Visual Studio Projects\HW_7\HW_7\Debug\link.write.1.tlog
C:\Users\Emir\Desktop\Visual Studio Projects\HW_7\HW_7\Debug\vc110.idb
C:\Users\Emir\Desktop\Visual Studio Projects\HW_7\HW_7\Debug\vc110.pdb
C:\Users\Emir\Desktop\Visual Studio Projects\HW_7\Debug\HW_7.pdb
C:\Users\Emir\Desktop\Visual Studio Projects\HW_7\Debug\HW_7.exe
C:\Users\Emir\Desktop\Visual Studio Projects\HW_7\Debug\HW_7.ilk
