C:\USERS\EMIR\DESKTOP\VISUAL STUDIO PROJECTS\EMIRASAL_THE5\EMIRASAL_THE5\DEBUG\STRUTILS.OBJ
C:\USERS\EMIR\DESKTOP\VISUAL STUDIO PROJECTS\EMIRASAL_THE5\EMIRASAL_THE5\DEBUG\VC110.PDB
C:\USERS\EMIR\DESKTOP\VISUAL STUDIO PROJECTS\EMIRASAL_THE5\EMIRASAL_THE5\DEBUG\EMIRASAL_THE5.OBJ
C:\USERS\EMIR\DESKTOP\VISUAL STUDIO PROJECTS\EMIRASAL_THE5\EMIRASAL_THE5\DEBUG\PRODUCTS.OBJ
C:\USERS\EMIR\DESKTOP\TüM DERSLER\2.1\CS 201\THES\EMIRASAL_THE5\EMIRASAL_THE5\DEBUG\EMIRASAL_THE5.OBJ
C:\USERS\EMIR\DESKTOP\TüM DERSLER\2.1\CS 201\THES\EMIRASAL_THE5\EMIRASAL_THE5\DEBUG\PRODUCTS.OBJ
C:\USERS\EMIR\DESKTOP\TüM DERSLER\2.1\CS 201\THES\EMIRASAL_THE5\EMIRASAL_THE5\DEBUG\STRUTILS.OBJ
C:\USERS\EMIR\DESKTOP\TÜM DERSLER\2.1\CS 201\THES\EMIRASAL_THE5\EMIRASAL_THE5\DEBUG\VC110.PDB
C:\USERS\EMIR\DESKTOP\VISUAL STUDIO PROJECTS\EMIRASAL_THE5\DEBUG\EMIRASAL_THE5.ILK
C:\USERS\EMIR\DESKTOP\VISUAL STUDIO PROJECTS\EMIRASAL_THE5\DEBUG\EMIRASAL_THE5.EXE
C:\USERS\EMIR\DESKTOP\VISUAL STUDIO PROJECTS\EMIRASAL_THE5\DEBUG\EMIRASAL_THE5.PDB
C:\USERS\EMIR\DESKTOP\TüM DERSLER\2.1\CS 201\THES\EMIRASAL_THE5\DEBUG\EMIRASAL_THE5.ILK
C:\USERS\EMIR\DESKTOP\TüM DERSLER\2.1\CS 201\THES\EMIRASAL_THE5\DEBUG\EMIRASAL_THE5.EXE
C:\USERS\EMIR\DESKTOP\TÜM DERSLER\2.1\CS 201\THES\EMIRASAL_THE5\DEBUG\EMIRASAL_THE5.PDB
C:\Users\Emir\Desktop\Tüm Dersler\2.1\CS 201\THEs\emirasal_the5\emirasal_the5\Debug\emirasal_the5.obj
C:\Users\Emir\Desktop\Tüm Dersler\2.1\CS 201\THEs\emirasal_the5\emirasal_the5\Debug\Products.obj
C:\Users\Emir\Desktop\Tüm Dersler\2.1\CS 201\THEs\emirasal_the5\emirasal_the5\Debug\strutils.obj
C:\Users\Emir\Desktop\Tüm Dersler\2.1\CS 201\THEs\emirasal_the5\emirasal_the5\Debug\cl.command.1.tlog
C:\Users\Emir\Desktop\Tüm Dersler\2.1\CS 201\THEs\emirasal_the5\emirasal_the5\Debug\CL.read.1.tlog
C:\Users\Emir\Desktop\Tüm Dersler\2.1\CS 201\THEs\emirasal_the5\emirasal_the5\Debug\CL.write.1.tlog
C:\Users\Emir\Desktop\Tüm Dersler\2.1\CS 201\THEs\emirasal_the5\emirasal_the5\Debug\link-cvtres.read.1.tlog
C:\Users\Emir\Desktop\Tüm Dersler\2.1\CS 201\THEs\emirasal_the5\emirasal_the5\Debug\link-cvtres.write.1.tlog
C:\Users\Emir\Desktop\Tüm Dersler\2.1\CS 201\THEs\emirasal_the5\emirasal_the5\Debug\link-rc.read.1.tlog
C:\Users\Emir\Desktop\Tüm Dersler\2.1\CS 201\THEs\emirasal_the5\emirasal_the5\Debug\link-rc.write.1.tlog
C:\Users\Emir\Desktop\Tüm Dersler\2.1\CS 201\THEs\emirasal_the5\emirasal_the5\Debug\link.1072-cvtres.read.1.tlog
C:\Users\Emir\Desktop\Tüm Dersler\2.1\CS 201\THEs\emirasal_the5\emirasal_the5\Debug\link.1072-cvtres.write.1.tlog
C:\Users\Emir\Desktop\Tüm Dersler\2.1\CS 201\THEs\emirasal_the5\emirasal_the5\Debug\link.1072-rc.read.1.tlog
C:\Users\Emir\Desktop\Tüm Dersler\2.1\CS 201\THEs\emirasal_the5\emirasal_the5\Debug\link.1072-rc.write.1.tlog
C:\Users\Emir\Desktop\Tüm Dersler\2.1\CS 201\THEs\emirasal_the5\emirasal_the5\Debug\link.1072.read.1.tlog
C:\Users\Emir\Desktop\Tüm Dersler\2.1\CS 201\THEs\emirasal_the5\emirasal_the5\Debug\link.1072.write.1.tlog
C:\Users\Emir\Desktop\Tüm Dersler\2.1\CS 201\THEs\emirasal_the5\emirasal_the5\Debug\link.12736-cvtres.read.1.tlog
C:\Users\Emir\Desktop\Tüm Dersler\2.1\CS 201\THEs\emirasal_the5\emirasal_the5\Debug\link.12736-cvtres.write.1.tlog
C:\Users\Emir\Desktop\Tüm Dersler\2.1\CS 201\THEs\emirasal_the5\emirasal_the5\Debug\link.12736-rc.read.1.tlog
C:\Users\Emir\Desktop\Tüm Dersler\2.1\CS 201\THEs\emirasal_the5\emirasal_the5\Debug\link.12736-rc.write.1.tlog
C:\Users\Emir\Desktop\Tüm Dersler\2.1\CS 201\THEs\emirasal_the5\emirasal_the5\Debug\link.12736.read.1.tlog
C:\Users\Emir\Desktop\Tüm Dersler\2.1\CS 201\THEs\emirasal_the5\emirasal_the5\Debug\link.12736.write.1.tlog
C:\Users\Emir\Desktop\Tüm Dersler\2.1\CS 201\THEs\emirasal_the5\emirasal_the5\Debug\link.17044-cvtres.read.1.tlog
C:\Users\Emir\Desktop\Tüm Dersler\2.1\CS 201\THEs\emirasal_the5\emirasal_the5\Debug\link.17044-cvtres.write.1.tlog
C:\Users\Emir\Desktop\Tüm Dersler\2.1\CS 201\THEs\emirasal_the5\emirasal_the5\Debug\link.17044-rc.read.1.tlog
C:\Users\Emir\Desktop\Tüm Dersler\2.1\CS 201\THEs\emirasal_the5\emirasal_the5\Debug\link.17044-rc.write.1.tlog
C:\Users\Emir\Desktop\Tüm Dersler\2.1\CS 201\THEs\emirasal_the5\emirasal_the5\Debug\link.17044.read.1.tlog
C:\Users\Emir\Desktop\Tüm Dersler\2.1\CS 201\THEs\emirasal_the5\emirasal_the5\Debug\link.17044.write.1.tlog
C:\Users\Emir\Desktop\Tüm Dersler\2.1\CS 201\THEs\emirasal_the5\emirasal_the5\Debug\link.3436-cvtres.read.1.tlog
C:\Users\Emir\Desktop\Tüm Dersler\2.1\CS 201\THEs\emirasal_the5\emirasal_the5\Debug\link.3436-cvtres.write.1.tlog
C:\Users\Emir\Desktop\Tüm Dersler\2.1\CS 201\THEs\emirasal_the5\emirasal_the5\Debug\link.3436-rc.read.1.tlog
C:\Users\Emir\Desktop\Tüm Dersler\2.1\CS 201\THEs\emirasal_the5\emirasal_the5\Debug\link.3436-rc.write.1.tlog
C:\Users\Emir\Desktop\Tüm Dersler\2.1\CS 201\THEs\emirasal_the5\emirasal_the5\Debug\link.3436.read.1.tlog
C:\Users\Emir\Desktop\Tüm Dersler\2.1\CS 201\THEs\emirasal_the5\emirasal_the5\Debug\link.3436.write.1.tlog
C:\Users\Emir\Desktop\Tüm Dersler\2.1\CS 201\THEs\emirasal_the5\emirasal_the5\Debug\link.3924-cvtres.read.1.tlog
C:\Users\Emir\Desktop\Tüm Dersler\2.1\CS 201\THEs\emirasal_the5\emirasal_the5\Debug\link.3924-cvtres.write.1.tlog
C:\Users\Emir\Desktop\Tüm Dersler\2.1\CS 201\THEs\emirasal_the5\emirasal_the5\Debug\link.3924-rc.read.1.tlog
C:\Users\Emir\Desktop\Tüm Dersler\2.1\CS 201\THEs\emirasal_the5\emirasal_the5\Debug\link.3924-rc.write.1.tlog
C:\Users\Emir\Desktop\Tüm Dersler\2.1\CS 201\THEs\emirasal_the5\emirasal_the5\Debug\link.3924.read.1.tlog
C:\Users\Emir\Desktop\Tüm Dersler\2.1\CS 201\THEs\emirasal_the5\emirasal_the5\Debug\link.3924.write.1.tlog
C:\Users\Emir\Desktop\Tüm Dersler\2.1\CS 201\THEs\emirasal_the5\emirasal_the5\Debug\link.7144-cvtres.read.1.tlog
C:\Users\Emir\Desktop\Tüm Dersler\2.1\CS 201\THEs\emirasal_the5\emirasal_the5\Debug\link.7144-cvtres.write.1.tlog
C:\Users\Emir\Desktop\Tüm Dersler\2.1\CS 201\THEs\emirasal_the5\emirasal_the5\Debug\link.7144-rc.read.1.tlog
C:\Users\Emir\Desktop\Tüm Dersler\2.1\CS 201\THEs\emirasal_the5\emirasal_the5\Debug\link.7144-rc.write.1.tlog
C:\Users\Emir\Desktop\Tüm Dersler\2.1\CS 201\THEs\emirasal_the5\emirasal_the5\Debug\link.7144.read.1.tlog
C:\Users\Emir\Desktop\Tüm Dersler\2.1\CS 201\THEs\emirasal_the5\emirasal_the5\Debug\link.7144.write.1.tlog
C:\Users\Emir\Desktop\Tüm Dersler\2.1\CS 201\THEs\emirasal_the5\emirasal_the5\Debug\link.command.1.tlog
C:\Users\Emir\Desktop\Tüm Dersler\2.1\CS 201\THEs\emirasal_the5\emirasal_the5\Debug\link.read.1.tlog
C:\Users\Emir\Desktop\Tüm Dersler\2.1\CS 201\THEs\emirasal_the5\emirasal_the5\Debug\link.write.1.tlog
C:\Users\Emir\Desktop\Tüm Dersler\2.1\CS 201\THEs\emirasal_the5\emirasal_the5\Debug\vc110.idb
C:\Users\Emir\Desktop\Tüm Dersler\2.1\CS 201\THEs\emirasal_the5\emirasal_the5\Debug\vc110.pdb
C:\Users\Emir\Desktop\Tüm Dersler\2.1\CS 201\THEs\emirasal_the5\Debug\emirasal_the5.pdb
C:\Users\Emir\Desktop\Tüm Dersler\2.1\CS 201\THEs\emirasal_the5\Debug\emirasal_the5.exe
C:\Users\Emir\Desktop\Tüm Dersler\2.1\CS 201\THEs\emirasal_the5\Debug\emirasal_the5.ilk
